TN:
SF:src/components/defaults.ts
FNF:0
FNH:0
DA:3,11
LF:1
LH:1
BRF:0
BRH:0
end_of_record
TN:
SF:src/components/derivePaymentInfo.ts
FN:22,derivePaymentInfo
FN:23,(anonymous_15)
FNF:2
FNH:2
FNDA:10,derivePaymentInfo
FNDA:10,(anonymous_15)
DA:1,3
DA:2,3
DA:3,3
DA:4,3
DA:5,3
DA:6,3
DA:9,3
DA:22,3
DA:23,10
DA:29,10
DA:31,10
DA:32,1
DA:37,9
DA:38,1
DA:44,8
DA:45,8
DA:46,8
DA:48,0
DA:56,8
DA:57,8
DA:58,2
DA:68,6
DA:75,2
DA:83,6
DA:84,6
DA:90,0
DA:97,6
DA:110,4
DA:111,4
DA:114,0
LF:30
LH:27
BRDA:23,0,0,0
BRDA:24,1,0,8
BRDA:31,2,0,1
BRDA:31,3,0,10
BRDA:31,3,1,9
BRDA:37,4,0,1
BRDA:37,5,0,9
BRDA:37,5,1,9
BRDA:57,6,0,2
BRDA:57,6,1,6
BRDA:110,7,0,4
BRDA:110,7,1,0
BRDA:115,8,0,0
BRDA:115,8,1,0
BRF:14
BRH:10
end_of_record
TN:
SF:src/components/invoice.ts
FN:16,invoice
FN:17,(anonymous_8)
FNF:2
FNH:2
FNDA:18,invoice
FNDA:18,(anonymous_8)
DA:1,2
DA:2,2
DA:4,2
DA:16,2
DA:17,18
DA:24,18
DA:25,2
DA:27,16
DA:28,2
DA:35,14
DA:37,14
DA:44,0
DA:51,14
DA:53,14
DA:58,0
DA:62,14
DA:63,8
DA:69,6
LF:18
LH:16
BRDA:17,0,0,0
BRDA:18,1,0,13
BRDA:24,2,0,2
BRDA:24,3,0,18
BRDA:24,3,1,17
BRDA:27,4,0,2
BRDA:27,5,0,16
BRDA:27,5,1,15
BRDA:39,6,0,4
BRDA:39,6,1,10
BRDA:62,7,0,8
BRDA:64,8,0,8
BRDA:64,8,1,0
BRDA:65,9,0,8
BRDA:65,9,1,0
BRF:15
BRH:12
end_of_record
TN:
SF:src/components/pay.ts
FN:26,pay
FN:27,(anonymous_8)
FNF:2
FNH:2
FNDA:10,pay
FNDA:10,(anonymous_8)
DA:1,2
DA:2,2
DA:3,2
DA:4,2
DA:5,2
DA:11,2
DA:26,2
DA:27,10
DA:36,10
DA:37,1
DA:39,9
DA:40,1
DA:42,8
DA:46,1
DA:53,7
DA:55,7
DA:61,0
DA:68,7
DA:69,7
DA:71,3
DA:77,3
DA:82,4
DA:89,4
DA:95,3
DA:100,3
DA:107,3
DA:111,4
DA:118,4
DA:120,4
DA:137,4
DA:138,2
DA:144,2
DA:146,2
LF:33
LH:32
BRDA:27,0,0,0
BRDA:28,1,0,4
BRDA:36,2,0,1
BRDA:36,3,0,10
BRDA:36,3,1,10
BRDA:39,4,0,1
BRDA:39,5,0,9
BRDA:39,5,1,9
BRDA:42,6,0,1
BRDA:43,7,0,8
BRDA:43,7,1,8
BRDA:69,8,0,3
BRDA:69,8,1,4
BRDA:74,9,0,3
BRDA:74,9,1,0
BRDA:74,10,0,3
BRDA:74,10,1,3
BRDA:89,11,0,3
BRDA:90,12,0,4
BRDA:90,12,1,4
BRDA:90,12,2,4
BRDA:90,12,3,3
BRDA:101,13,0,3
BRDA:101,13,1,0
BRDA:102,14,0,3
BRDA:102,14,1,0
BRDA:113,15,0,3
BRDA:113,15,1,1
BRDA:122,16,0,4
BRDA:122,16,1,0
BRDA:137,17,0,2
BRDA:139,18,0,2
BRDA:139,18,1,0
BRDA:140,19,0,2
BRDA:140,19,1,0
BRF:35
BRH:28
end_of_record
TN:
SF:src/components/publishFile.ts
FN:22,publishFile
FN:23,(anonymous_8)
FN:27,(anonymous_9)
FNF:3
FNH:2
FNDA:8,publishFile
FNDA:8,(anonymous_8)
FNDA:0,(anonymous_9)
DA:1,1
DA:2,1
DA:3,1
DA:4,1
DA:7,1
DA:22,1
DA:23,8
DA:30,8
DA:32,8
DA:33,1
DA:38,7
DA:39,1
DA:46,6
DA:53,5
DA:62,4
DA:74,3
DA:76,5
DA:81,2
DA:86,3
LF:19
LH:19
BRDA:23,0,0,0
BRDA:24,1,0,1
BRDA:27,2,0,7
BRDA:32,3,0,1
BRDA:38,4,0,1
BRDA:76,5,0,2
BRDA:77,6,0,5
BRDA:77,6,1,2
BRDA:77,6,2,1
BRF:9
BRH:8
end_of_record
TN:
SF:src/components/submitPayment.ts
FN:24,submitPayment
FN:25,(anonymous_8)
FNF:2
FNH:2
FNDA:17,submitPayment
FNDA:17,(anonymous_8)
DA:1,1
DA:2,1
DA:4,1
DA:24,1
DA:25,17
DA:36,17
DA:37,4
DA:42,13
DA:43,1
DA:48,12
DA:49,1
DA:54,11
DA:55,0
DA:60,11
DA:61,0
DA:66,11
DA:67,0
DA:73,11
DA:74,11
DA:78,11
DA:93,10
DA:94,2
DA:100,8
DA:102,3
LF:24
LH:21
BRDA:25,0,0,0
BRDA:26,1,0,2
BRDA:36,2,0,4
BRDA:36,3,0,17
BRDA:36,3,1,17
BRDA:36,3,2,14
BRDA:42,4,0,1
BRDA:42,5,0,13
BRDA:42,5,1,13
BRDA:48,6,0,1
BRDA:48,7,0,12
BRDA:48,7,1,12
BRDA:54,8,0,0
BRDA:54,9,0,11
BRDA:54,9,1,11
BRDA:60,10,0,0
BRDA:60,11,0,11
BRDA:60,11,1,11
BRDA:66,12,0,0
BRDA:66,13,0,11
BRDA:66,13,1,11
BRDA:93,14,0,2
BRDA:95,15,0,2
BRDA:95,15,1,0
BRDA:96,16,0,2
BRDA:96,16,1,0
BRF:26
BRH:20
end_of_record
TN:
SF:src/components/upload.ts
FN:31,upload
FN:31,(anonymous_9)
FN:37,(anonymous_10)
FN:78,(anonymous_11)
FN:85,(anonymous_12)
FN:88,(anonymous_13)
FNF:6
FNH:4
FNDA:6,upload
FNDA:6,(anonymous_9)
FNDA:0,(anonymous_10)
FNDA:5,(anonymous_11)
FNDA:4,(anonymous_12)
FNDA:0,(anonymous_13)
DA:1,2
DA:2,2
DA:3,2
DA:5,2
DA:6,2
DA:9,2
DA:13,2
DA:14,2
DA:16,0
DA:31,6
DA:40,6
DA:42,6
DA:43,1
DA:44,1
DA:46,1
DA:47,1
DA:53,0
DA:55,0
DA:59,0
DA:68,5
DA:79,5
DA:81,5
DA:82,0
DA:83,5
DA:84,5
DA:85,5
DA:86,4
DA:88,5
DA:89,0
DA:95,5
DA:97,0
DA:105,0
DA:110,3
DA:118,3
DA:119,3
LF:35
LH:27
BRDA:13,0,0,2
BRDA:13,0,1,0
BRDA:13,1,0,2
BRDA:13,1,1,2
BRDA:32,2,0,6
BRDA:36,3,0,5
BRDA:37,4,0,5
BRDA:42,5,0,1
BRDA:46,6,0,1
BRDA:72,7,0,0
BRDA:72,7,1,5
BRDA:74,8,0,5
BRDA:74,8,1,0
BRDA:81,9,0,0
BRDA:81,9,1,5
BRDA:81,10,0,5
BRDA:81,10,1,0
BRDA:83,11,0,5
BRDA:83,11,1,0
BRF:19
BRH:13
end_of_record
TN:
SF:src/utils/errors.ts
FN:4,(anonymous_0)
FN:15,(anonymous_1)
FNF:2
FNH:2
FNDA:50,(anonymous_0)
FNDA:14,(anonymous_1)
DA:1,10
DA:5,50
DA:6,50
DA:7,50
DA:10,50
DA:14,10
DA:17,14
DA:19,14
DA:20,14
DA:23,14
LF:10
LH:10
BRF:0
BRH:0
end_of_record
