TN:
SF:src/components/defaults.ts
FNF:0
FNH:0
DA:3,3
LF:1
LH:1
BRF:0
BRH:0
end_of_record
TN:
SF:src/components/submitPayment.ts
FN:62,submitPayment
FN:63,(anonymous_8)
FNF:2
FNH:2
FNDA:17,submitPayment
FNDA:17,(anonymous_8)
DA:1,1
DA:2,1
DA:62,1
DA:63,17
DA:74,17
DA:75,4
DA:77,13
DA:78,1
DA:80,12
DA:81,1
DA:83,11
DA:84,0
DA:86,11
DA:87,0
DA:89,11
DA:90,0
DA:93,11
DA:96,11
DA:110,10
DA:111,2
DA:112,2
DA:113,2
DA:115,8
LF:23
LH:20
BRDA:63,0,0,0
BRDA:64,1,0,2
BRDA:74,2,0,4
BRDA:74,3,0,17
BRDA:74,3,1,17
BRDA:74,3,2,14
BRDA:77,4,0,1
BRDA:77,5,0,13
BRDA:77,5,1,13
BRDA:80,6,0,1
BRDA:80,7,0,12
BRDA:80,7,1,12
BRDA:83,8,0,0
BRDA:83,9,0,11
BRDA:83,9,1,11
BRDA:86,10,0,0
BRDA:86,11,0,11
BRDA:86,11,1,11
BRDA:89,12,0,0
BRDA:89,13,0,11
BRDA:89,13,1,11
BRDA:110,14,0,2
BRF:22
BRH:18
end_of_record
TN:
SF:src/components/upload.ts
FN:26,upload
FN:26,(anonymous_9)
FN:32,(anonymous_10)
FN:71,(anonymous_11)
FN:77,(anonymous_12)
FN:80,(anonymous_13)
FNF:6
FNH:4
FNDA:3,upload
FNDA:3,(anonymous_9)
FNDA:0,(anonymous_10)
FNDA:2,(anonymous_11)
FNDA:2,(anonymous_12)
FNDA:0,(anonymous_13)
DA:1,1
DA:2,1
DA:3,1
DA:5,1
DA:22,1
DA:23,1
DA:26,3
DA:34,3
DA:36,3
DA:39,3
DA:40,1
DA:43,1
DA:44,0
DA:45,1
DA:46,0
DA:48,1
DA:51,0
DA:55,0
DA:64,2
DA:72,2
DA:73,0
DA:76,2
DA:77,2
DA:78,2
DA:80,2
DA:81,2
DA:85,2
DA:92,1
DA:95,1
DA:96,1
DA:99,0
LF:31
LH:25
BRDA:22,0,0,1
BRDA:22,1,0,1
BRDA:22,1,1,1
BRDA:27,2,0,3
BRDA:31,3,0,2
BRDA:32,4,0,3
BRDA:36,5,0,2
BRDA:36,5,1,1
BRDA:36,6,0,2
BRDA:36,6,1,0
BRDA:39,7,0,1
BRDA:43,8,0,0
BRDA:43,8,1,1
BRDA:45,9,0,0
BRDA:45,9,1,1
BRDA:72,10,0,0
BRDA:95,11,0,1
BRF:17
BRH:13
end_of_record
TN:
SF:src/utils/errors.ts
FN:2,(anonymous_0)
FNF:1
FNH:1
FNDA:2,(anonymous_0)
DA:1,1
DA:4,2
DA:6,2
DA:7,2
LF:4
LH:4
BRF:0
BRH:0
end_of_record
